<?xml version="1.0" encoding="UTF-8"?>
<!-- Generated by org.testng.reporters.JUnitReportReporter -->
<testsuite hostname="Soham" failures="0" tests="11" name="testcases.CartTest" time="62.795" errors="0" timestamp="2025-03-24T21:39:45 IST" skipped="0">
  <testcase classname="testcases.CartTest" name="verifyCartAfterRemovingProduct" time="6.710"/>
  <system-out>
    <![CDATA[Product removed from cart successfully]]>
  </system-out>
  <testcase classname="testcases.CartTest" name="verifyAboutMenu" time="10.746"/>
  <system-out>
    <![CDATA[About menu working as expected]]>
  </system-out>
  <testcase classname="testcases.CartTest" name="verifyAllItemsMenu" time="5.688"/>
  <system-out>
    <![CDATA[All Items Menu working as expected]]>
  </system-out>
  <testcase classname="testcases.CartTest" name="verifyLogoutMenu" time="5.848"/>
  <system-out>
    <![CDATA[Logout menu working as expected]]>
  </system-out>
  <testcase classname="testcases.CartTest" name="verifyApplicationTitle" time="2.457"/>
  <system-out/>
  <testcase classname="testcases.CartTest" name="verifyContinueShoppingBtn" time="5.592"/>
  <system-out>
    <![CDATA[Continue shpooing button working as expected]]>
  </system-out>
  <testcase classname="testcases.CartTest" name="verifyResetAppMenu" time="7.046"/>
  <system-out>
    <![CDATA[Reset menu working as expected]]>
  </system-out>
  <testcase classname="testcases.CartTest" name="testAccessCartWithoutLogin" time="6.983"/>
  <system-out/>
  <testcase classname="testcases.CartTest" name="verifyCheckout" time="6.592"/>
  <system-out/>
  <testcase classname="testcases.CartTest" name="verifyApplicationUrl" time="2.487"/>
  <system-out/>
  <testcase classname="testcases.CartTest" name="verifyProductNameClickNavigation" time="2.646"/>
  <system-out>
    <![CDATA[]]>
  </system-out>
</testsuite> <!-- testcases.CartTest -->
