<?xml version="1.0" encoding="UTF-8"?>
<!-- Generated by org.testng.reporters.JUnitReportReporter -->
<testsuite hostname="Soham" failures="0" tests="15" name="testcases.InventoryTest" time="16.180" errors="0" timestamp="2025-03-22T01:25:12 IST" skipped="9">
  <testcase classname="testcases.InventoryTest" name="removefromcartTest" time="2.676"/>
  <system-out>
    <![CDATA[Total products added into the cart = 4]]>
  </system-out>
  <testcase classname="testcases.InventoryTest" name="checkProductNameClick" time="2.499"/>
  <system-out>
    <![CDATA[Product detail page is opned after clicking on product name]]>
  </system-out>
  <testcase classname="testcases.InventoryTest" name="verfifyHighToLowFilter" time="2.518"/>
  <system-out>
    <![CDATA[Sorted Product(Descending): [49.99, 29.99, 15.99, 15.99, 9.99, 7.99]]]>
  </system-out>
  <testcase classname="testcases.InventoryTest" name="verfifyAToZFilter" time="3.526"/>
  <system-out>
    <![CDATA[Sorted Product: [Sauce Labs Backpack, Sauce Labs Bike Light, Sauce Labs Bolt T-Shirt, Sauce Labs Fleece Jacket, Sauce Labs Onesie, Test.allTheThings() T-Shirt (Red)]]]>
  </system-out>
  <testcase classname="testcases.InventoryTest" name="verfifyZToAFilter" time="2.496"/>
  <system-out>
    <![CDATA[Sorted Product: [Test.allTheThings() T-Shirt (Red), Sauce Labs Onesie, Sauce Labs Fleece Jacket, Sauce Labs Bolt T-Shirt, Sauce Labs Bike Light, Sauce Labs Backpack]]]>
  </system-out>
  <testcase classname="testcases.InventoryTest" name="verfifyLowToHighFilter" time="2.465"/>
  <system-out>
    <![CDATA[Sorted Product(Ascending): [7.99, 9.99, 15.99, 15.99, 29.99, 49.99]]]>
  </system-out>
  <testcase classname="testcases.InventoryTest" name="verifyTitleOfApplicaton">
    <skipped/>
  </testcase> <!-- verifyTitleOfApplicaton -->
  <system-out/>
  <testcase classname="testcases.InventoryTest" name="verifyLinkedinIconDisplayed">
    <skipped/>
  </testcase> <!-- verifyLinkedinIconDisplayed -->
  <system-out/>
  <testcase classname="testcases.InventoryTest" name="add3ProductToCartTest">
    <skipped/>
  </testcase> <!-- add3ProductToCartTest -->
  <system-out/>
  <testcase classname="testcases.InventoryTest" name="verifyURLOfApplication">
    <skipped/>
  </testcase> <!-- verifyURLOfApplication -->
  <system-out/>
  <testcase classname="testcases.InventoryTest" name="addAll6ProductToCartTest">
    <skipped/>
  </testcase> <!-- addAll6ProductToCartTest -->
  <system-out/>
  <testcase classname="testcases.InventoryTest" name="verifyFacebookIconDisplayed">
    <skipped/>
  </testcase> <!-- verifyFacebookIconDisplayed -->
  <system-out/>
  <testcase classname="testcases.InventoryTest" name="verifyHeaderTitle">
    <skipped/>
  </testcase> <!-- verifyHeaderTitle -->
  <system-out/>
  <testcase classname="testcases.InventoryTest" name="verifyTwitterIconDisplayed">
    <skipped/>
  </testcase> <!-- verifyTwitterIconDisplayed -->
  <system-out/>
  <testcase classname="testcases.InventoryTest" name="testHamburgerMenu">
    <skipped/>
  </testcase> <!-- testHamburgerMenu -->
  <system-out/>
</testsuite> <!-- testcases.InventoryTest -->
