<?xml version="1.0" encoding="UTF-8"?>
<!-- Generated by org.testng.reporters.JUnitReportReporter -->
<testsuite hostname="Soham" failures="0" tests="10" name="testcases.InventoryItemTest" time="60.677" errors="0" timestamp="2025-03-07T00:59:12 IST" skipped="0">
  <testcase classname="testcases.InventoryItemTest" name="verifyAllItemsMenuBtn" time="6.373"/>
  <system-out>
    <![CDATA[Navigated to all products page]]>
  </system-out>
  <testcase classname="testcases.InventoryItemTest" name="verifyHamburgerBtn" time="3.534"/>
  <system-out>
    <![CDATA[Sidebar menu is visible ]]>
  </system-out>
  <testcase classname="testcases.InventoryItemTest" name="verifyRemoveFromCart" time="8.538"/>
  <system-out>
    <![CDATA[Product removed from cart]]>
  </system-out>
  <testcase classname="testcases.InventoryItemTest" name="verifyAddToCart" time="3.265"/>
  <system-out>
    <![CDATA[Item added to cart]]>
  </system-out>
  <testcase classname="testcases.InventoryItemTest" name="verifyBackToProductBtn" time="3.300"/>
  <system-out>
    <![CDATA[PASS: Page navigated to products page]]>
  </system-out>
  <testcase classname="testcases.InventoryItemTest" name="verifyBrowserBackAndForword" time="4.140"/>
  <system-out>
    <![CDATA[Backward and Forward navigation working as expected]]>
  </system-out>
  <testcase classname="testcases.InventoryItemTest" name="verifyLogoutMenuBtn" time="7.566"/>
  <system-out>
    <![CDATA[Logout menu btn working as expected]]>
  </system-out>
  <testcase classname="testcases.InventoryItemTest" name="verifyProductImage" time="4.136"/>
  <system-out>
    <![CDATA[Image is visible]]>
  </system-out>
  <testcase classname="testcases.InventoryItemTest" name="verifyAboutMenuBtn" time="12.365"/>
  <system-out>
    <![CDATA[Navigated to about page]]>
  </system-out>
  <testcase classname="testcases.InventoryItemTest" name="verifyResetAppStateMenu" time="7.460"/>
  <system-out>
    <![CDATA[Reset App State menu button working as expected]]>
  </system-out>
</testsuite> <!-- testcases.InventoryItemTest -->
