<?xml version="1.0" encoding="UTF-8"?>
<!-- Generated by org.testng.reporters.JUnitReportReporter -->
<testsuite hostname="Soham" failures="0" tests="11" name="testcases.CartTest" time="103.972" errors="0" timestamp="2025-03-24T21:46:40 IST" skipped="0">
  <testcase classname="testcases.CartTest" name="testAccessCartWithoutLogin" time="8.317"/>
  <system-out/>
  <testcase classname="testcases.CartTest" name="verifyApplicationUrl" time="4.557"/>
  <system-out/>
  <testcase classname="testcases.CartTest" name="verifyProductNameClickNavigation" time="5.471"/>
  <system-out>
    <![CDATA[]]>
  </system-out>
  <testcase classname="testcases.CartTest" name="verifyAllItemsMenu" time="7.883"/>
  <system-out>
    <![CDATA[All Items Menu working as expected]]>
  </system-out>
  <testcase classname="testcases.CartTest" name="verifyAboutMenu" time="25.596"/>
  <system-out>
    <![CDATA[About menu working as expected]]>
  </system-out>
  <testcase classname="testcases.CartTest" name="verifyResetAppMenu" time="11.280"/>
  <system-out>
    <![CDATA[Reset menu working as expected]]>
  </system-out>
  <testcase classname="testcases.CartTest" name="verifyLogoutMenu" time="8.191"/>
  <system-out>
    <![CDATA[Logout menu working as expected]]>
  </system-out>
  <testcase classname="testcases.CartTest" name="verifyApplicationTitle" time="4.054"/>
  <system-out/>
  <testcase classname="testcases.CartTest" name="verifyCheckout" time="9.785"/>
  <system-out/>
  <testcase classname="testcases.CartTest" name="verifyCartAfterRemovingProduct" time="9.191"/>
  <system-out>
    <![CDATA[Product removed from cart successfully]]>
  </system-out>
  <testcase classname="testcases.CartTest" name="verifyContinueShoppingBtn" time="9.647"/>
  <system-out>
    <![CDATA[Continue shpooing button working as expected]]>
  </system-out>
</testsuite> <!-- testcases.CartTest -->
