<?xml version="1.0" encoding="UTF-8"?>
<!-- Generated by org.testng.reporters.JUnitReportReporter -->
<testsuite hostname="Soham" failures="0" tests="1" name="testcases.InventoryItemTest" time="14.396" errors="0" timestamp="2025-04-20T17:14:03 IST" skipped="0">
  <testcase classname="testcases.InventoryItemTest" name="verifyAboutMenuBtn" time="14.396"/>
  <system-out>
    <![CDATA[Navigated to about page]]>
  </system-out>
</testsuite> <!-- testcases.InventoryItemTest -->
