<?xml version="1.0" encoding="UTF-8"?>
<!-- Generated by org.testng.reporters.JUnitReportReporter -->
<testsuite hostname="Soham" failures="0" tests="3" name="testcases.LoginTest" time="7.898" errors="0" timestamp="2025-03-24T21:27:18 IST" skipped="0">
  <testcase classname="testcases.LoginTest" name="verifyTitleOfApplication" time="3.090"/>
  <system-out/>
  <testcase classname="testcases.LoginTest" name="logintoapplication" time="2.831"/>
  <system-out>
    <![CDATA[Login successful--https://www.saucedemo.com/inventory.html]]>
  </system-out>
  <testcase classname="testcases.LoginTest" name="verifyURLOfApplication" time="1.977"/>
  <system-out/>
</testsuite> <!-- testcases.LoginTest -->
