<?xml version="1.0" encoding="UTF-8"?>
<!-- Generated by org.testng.reporters.JUnitReportReporter -->
<testsuite hostname="Soham" failures="0" tests="3" name="testcases.LoginTest" time="8.466" errors="0" timestamp="2025-03-22T01:57:41 IST" skipped="0">
  <testcase classname="testcases.LoginTest" name="logintoapplication" time="3.076"/>
  <system-out>
    <![CDATA[Login successful--https://www.saucedemo.com/inventory.html]]>
  </system-out>
  <testcase classname="testcases.LoginTest" name="verifyURLOfApplication" time="2.104"/>
  <system-out/>
  <testcase classname="testcases.LoginTest" name="verifyTitleOfApplication" time="3.286"/>
  <system-out/>
</testsuite> <!-- testcases.LoginTest -->
