<?xml version="1.0" encoding="UTF-8"?>
<!-- Generated by org.testng.reporters.JUnitReportReporter -->
<testsuite hostname="Soham" failures="0" tests="1" name="testcases.CheckoutStep2Test" time="9.645" errors="0" timestamp="2025-04-21T00:21:07 IST" skipped="0">
  <testcase classname="testcases.CheckoutStep2Test" name="checkFinishBtn" time="9.645"/>
  <system-out/>
</testsuite> <!-- testcases.CheckoutStep2Test -->
