<?xml version="1.0" encoding="UTF-8"?>
<!-- Generated by org.testng.reporters.JUnitReportReporter -->
<testsuite hostname="Soham" failures="0" tests="5" name="testcases.CheckoutTest" time="20.834" errors="0" timestamp="2025-04-21T00:19:32 IST" skipped="1">
  <testcase classname="testcases.CheckoutTest" name="checkEmptyLastName" time="5.907"/>
  <system-out/>
  <testcase classname="testcases.CheckoutTest" name="checkEmptyZipCode" time="4.788"/>
  <system-out/>
  <testcase classname="testcases.CheckoutTest" name="testCheckout" time="5.234"/>
  <system-out>
    <![CDATA[Suceesfully navigated to checkout step two]]>
  </system-out>
  <testcase classname="testcases.CheckoutTest" name="checkEmptyFirstName" time="4.905"/>
  <system-out/>
  <testcase classname="testcases.CheckoutTest" name="dataDrivenCheckoutTest">
    <skipped/>
  </testcase> <!-- dataDrivenCheckoutTest -->
  <system-out/>
</testsuite> <!-- testcases.CheckoutTest -->
