<?xml version="1.0" encoding="UTF-8"?>
<!-- Generated by org.testng.reporters.JUnitReportReporter -->
<testsuite hostname="Soham" failures="0" tests="11" name="testcases.CartTest" time="6.791" errors="0" timestamp="2025-03-22T01:22:33 IST" skipped="10">
  <testcase classname="testcases.CartTest" name="testAccessCartWithoutLogin" time="6.791"/>
  <system-out/>
  <testcase classname="testcases.CartTest" name="verifyProductNameClickNavigation">
    <skipped/>
  </testcase> <!-- verifyProductNameClickNavigation -->
  <system-out/>
  <testcase classname="testcases.CartTest" name="verifyCheckout">
    <skipped/>
  </testcase> <!-- verifyCheckout -->
  <system-out/>
  <testcase classname="testcases.CartTest" name="verifyContinueShoppingBtn">
    <skipped/>
  </testcase> <!-- verifyContinueShoppingBtn -->
  <system-out/>
  <testcase classname="testcases.CartTest" name="verifyApplicationUrl">
    <skipped/>
  </testcase> <!-- verifyApplicationUrl -->
  <system-out/>
  <testcase classname="testcases.CartTest" name="verifyResetAppMenu">
    <skipped/>
  </testcase> <!-- verifyResetAppMenu -->
  <system-out/>
  <testcase classname="testcases.CartTest" name="verifyApplicationTitle">
    <skipped/>
  </testcase> <!-- verifyApplicationTitle -->
  <system-out/>
  <testcase classname="testcases.CartTest" name="verifyAboutMenu">
    <skipped/>
  </testcase> <!-- verifyAboutMenu -->
  <system-out/>
  <testcase classname="testcases.CartTest" name="verifyAllItemsMenu">
    <skipped/>
  </testcase> <!-- verifyAllItemsMenu -->
  <system-out/>
  <testcase classname="testcases.CartTest" name="verifyCartAfterRemovingProduct">
    <skipped/>
  </testcase> <!-- verifyCartAfterRemovingProduct -->
  <system-out/>
  <testcase classname="testcases.CartTest" name="verifyLogoutMenu">
    <skipped/>
  </testcase> <!-- verifyLogoutMenu -->
  <system-out/>
</testsuite> <!-- testcases.CartTest -->
