<?xml version="1.0" encoding="UTF-8"?>
<!-- Generated by org.testng.reporters.JUnitReportReporter -->
<testsuite hostname="Soham" failures="0" tests="3" name="testcases.LoginTest" time="7.432" errors="0" timestamp="2025-04-21T00:15:04 IST" skipped="0">
  <testcase classname="testcases.LoginTest" name="logintoapplication" time="2.565"/>
  <system-out>
    <![CDATA[Login successful--https://www.saucedemo.com/inventory.html]]>
  </system-out>
  <testcase classname="testcases.LoginTest" name="verifyTitleOfApplication" time="3.036"/>
  <system-out/>
  <testcase classname="testcases.LoginTest" name="verifyURLOfApplication" time="1.831"/>
  <system-out/>
</testsuite> <!-- testcases.LoginTest -->
