<?xml version="1.0" encoding="UTF-8"?>
<!-- Generated by org.testng.reporters.JUnitReportReporter -->
<testsuite hostname="Soham" failures="0" tests="10" name="testcases.InventoryItemTest" time="44.871" errors="0" timestamp="2025-03-22T01:24:45 IST" skipped="0">
  <testcase classname="testcases.InventoryItemTest" name="verifyAllItemsMenuBtn" time="5.544"/>
  <system-out>
    <![CDATA[Navigated to all products page]]>
  </system-out>
  <testcase classname="testcases.InventoryItemTest" name="verifyAddToCart" time="2.508"/>
  <system-out>
    <![CDATA[Item added to cart]]>
  </system-out>
  <testcase classname="testcases.InventoryItemTest" name="verifyLogoutMenuBtn" time="5.732"/>
  <system-out>
    <![CDATA[Logout menu btn working as expected]]>
  </system-out>
  <testcase classname="testcases.InventoryItemTest" name="verifyAboutMenuBtn" time="11.707"/>
  <system-out>
    <![CDATA[Navigated to about page]]>
  </system-out>
  <testcase classname="testcases.InventoryItemTest" name="verifyResetAppStateMenu" time="5.630"/>
  <system-out>
    <![CDATA[Reset App State menu button working as expected]]>
  </system-out>
  <testcase classname="testcases.InventoryItemTest" name="verifyProductImage" time="3.196"/>
  <system-out>
    <![CDATA[Image is visible]]>
  </system-out>
  <testcase classname="testcases.InventoryItemTest" name="verifyBackToProductBtn" time="2.488"/>
  <system-out>
    <![CDATA[PASS: Page navigated to products page]]>
  </system-out>
  <testcase classname="testcases.InventoryItemTest" name="verifyBrowserBackAndForword" time="2.727"/>
  <system-out>
    <![CDATA[Backward and Forward navigation working as expected]]>
  </system-out>
  <testcase classname="testcases.InventoryItemTest" name="verifyHamburgerBtn" time="2.603"/>
  <system-out>
    <![CDATA[Sidebar menu is visible ]]>
  </system-out>
  <testcase classname="testcases.InventoryItemTest" name="verifyRemoveFromCart" time="2.736"/>
  <system-out>
    <![CDATA[Product removed from cart]]>
  </system-out>
</testsuite> <!-- testcases.InventoryItemTest -->
