<?xml version="1.0" encoding="UTF-8"?>
<!-- Generated by org.testng.reporters.JUnitReportReporter -->
<testsuite hostname="Soham" failures="0" tests="5" name="testcases.CheckoutTest" time="16.008" errors="0" timestamp="2025-03-22T01:23:37 IST" skipped="2">
  <testcase classname="testcases.CheckoutTest" name="checkEmptyLastName" time="5.104"/>
  <system-out/>
  <testcase classname="testcases.CheckoutTest" name="checkEmptyFirstName" time="4.942"/>
  <system-out/>
  <testcase classname="testcases.CheckoutTest" name="checkEmptyZipCode" time="5.962"/>
  <system-out/>
  <testcase classname="testcases.CheckoutTest" name="dataDrivenCheckoutTest">
    <skipped/>
  </testcase> <!-- dataDrivenCheckoutTest -->
  <system-out/>
  <testcase classname="testcases.CheckoutTest" name="testCheckout">
    <skipped/>
  </testcase> <!-- testCheckout -->
  <system-out/>
</testsuite> <!-- testcases.CheckoutTest -->
