<?xml version="1.0" encoding="UTF-8"?>
<!-- Generated by org.testng.reporters.JUnitReportReporter -->
<testsuite hostname="Soham" failures="0" tests="1" name="testcases.CheckoutStep2Test" time="4.132" errors="0" timestamp="2025-03-22T01:22:49 IST" skipped="0">
  <testcase classname="testcases.CheckoutStep2Test" name="checkFinishBtn" time="4.132"/>
  <system-out/>
</testsuite> <!-- testcases.CheckoutStep2Test -->
